<?xml version="1.0" encoding="UTF-8"?>
<testsuite xmlns:xsi="http://www.w3.org/2001/XMLSchema-instance" xsi:noNamespaceSchemaLocation="https://maven.apache.org/surefire/maven-surefire-plugin/xsd/surefire-test-report-3.0.xsd" version="3.0" name="TestSuite" time="0.399" tests="2" errors="0" skipped="0" failures="0">
  <properties>
[...]
</properties>
  <testcase name="user_create_requestData" classname="api_automation.TestingField.GoreTesting1" time="0.005">
    <system-out><![CDATA[class1
]]></system-out>
  </testcase>
  <testcase name="user_create_requestData" classname="api_automation.TestingField.GoreTesting2" time="0.001">
    <system-out><![CDATA[PASSED: api_automation.TestingField.GoreTesting1.user_create_requestData

===============================================
    C:/Users/chaut/IdeaProjects/api_trustvisitor/src/test/java/api_automation/TestingField/GoreTesting1.java
    Tests run: 1, Failures: 0, Skips: 0
===============================================

class2
]]></system-out>
  </testcase>
</testsuite>