<?xml version="1.0" encoding="UTF-8"?>
<testng-results ignored="0" total="2" passed="2" failed="0" skipped="0">
  <reporter-output>
  </reporter-output>
  <suite started-at="2025-08-10T06:43:31 EDT" name="All Test Suite" finished-at="2025-08-10T06:43:31 EDT" duration-ms="62">
    <groups>
    </groups>
    <test started-at="2025-08-10T06:43:31 EDT" name="C:/Users/chaut/IdeaProjects/api_trustvisitor/src/test/java/api_automation/TestingField/GoreTesting1.java" finished-at="2025-08-10T06:43:31 EDT" duration-ms="28">
      <class name="api_automation.TestingField.GoreTesting1">
        <test-method signature="user_create_requestData()[pri:0, instance:api_automation.TestingField.GoreTesting1@409bf450]" started-at="2025-08-10T06:43:31 EDT" name="user_create_requestData" finished-at="2025-08-10T06:43:31 EDT" duration-ms="4" status="PASS">
          <reporter-output>
          </reporter-output>
        </test-method> <!-- user_create_requestData -->
      </class> <!-- api_automation.TestingField.GoreTesting1 -->
    </test> <!-- C:/Users/chaut/IdeaProjects/api_trustvisitor/src/test/java/api_automation/TestingField/GoreTesting1.java -->
    <test started-at="2025-08-10T06:43:31 EDT" name="C:/Users/chaut/IdeaProjects/api_trustvisitor/src/test/java/api_automation/TestingField/GoreTesting2.java" finished-at="2025-08-10T06:43:31 EDT" duration-ms="2">
      <class name="api_automation.TestingField.GoreTesting2">
        <test-method signature="user_create_requestData()[pri:0, instance:api_automation.TestingField.GoreTesting2@5542c4ed]" started-at="2025-08-10T06:43:31 EDT" name="user_create_requestData" finished-at="2025-08-10T06:43:31 EDT" duration-ms="1" status="PASS">
          <reporter-output>
          </reporter-output>
        </test-method> <!-- user_create_requestData -->
      </class> <!-- api_automation.TestingField.GoreTesting2 -->
    </test> <!-- C:/Users/chaut/IdeaProjects/api_trustvisitor/src/test/java/api_automation/TestingField/GoreTesting2.java -->
  </suite> <!-- All Test Suite -->
</testng-results>
